# JRE version: OpenJDK Runtime Environment (16.0.1+9) (build 16.0.1+9-24)
# Java VM: OpenJDK 64-Bit Server VM (16.0.1+9-24, mixed mode, tiered, compressed oops, compressed class ptrs, g1 gc, windows-amd64)
GC Precious Log:
 CPUs: 8 total, 8 available
 Memory: 8112M
 Large Page Support: Disabled
 NUMA Support: Disabled
 Compressed Oops: Enabled (32-bit)
 Heap Region Size: 1M
 Heap Min Capacity: 8M
 Heap Initial Capacity: 128M
 Heap Max Capacity: 2030M
 Pre-touch: Disabled
 Parallel Workers: 8
 Concurrent Workers: 2
 Concurrent Refinement Workers: 8
 Periodic GC: Disabled
Heap:
 garbage-first heap   total 93184K, used 14691K [0x0000000081200000, 0x0000000100000000)
  region size 1024K, 1 young (1024K), 1 survivors (1024K)
 Metaspace       used 34117K, committed 34432K, reserved 1081344K
  class space    used 3946K, committed 4096K, reserved 1048576K
GC Heap History (19 events):
Event: 0.542 GC heap before
{Heap before GC invocations=0 (full 0):
 garbage-first heap   total 131072K, used 23552K [0x0000000081200000, 0x0000000100000000)
  region size 1024K, 23 young (23552K), 0 survivors (0K)
 Metaspace       used 11749K, committed 11968K, reserved 1064960K
  class space    used 1115K, committed 1216K, reserved 1048576K
}
Event: 0.547 GC heap after
{Heap after GC invocations=1 (full 0):
 garbage-first heap   total 131072K, used 6160K [0x0000000081200000, 0x0000000100000000)
  region size 1024K, 3 young (3072K), 3 survivors (3072K)
 Metaspace       used 11749K, committed 11968K, reserved 1064960K
  class space    used 1115K, committed 1216K, reserved 1048576K
}
Event: 0.557 GC heap before
{Heap before GC invocations=1 (full 0):
 garbage-first heap   total 131072K, used 34832K [0x0000000081200000, 0x0000000100000000)
  region size 1024K, 32 young (32768K), 3 survivors (3072K)
 Metaspace       used 11749K, committed 11968K, reserved 1064960K
  class space    used 1115K, committed 1216K, reserved 1048576K
}
Event: 0.559 GC heap after
{Heap after GC invocations=2 (full 0):
 garbage-first heap   total 131072K, used 6511K [0x0000000081200000, 0x0000000100000000)
  region size 1024K, 1 young (1024K), 1 survivors (1024K)
 Metaspace       used 11749K, committed 11968K, reserved 1064960K
  class space    used 1115K, committed 1216K, reserved 1048576K
}
Event: 1.049 GC heap before
{Heap before GC invocations=2 (full 0):
 garbage-first heap   total 131072K, used 44399K [0x0000000081200000, 0x0000000100000000)
  region size 1024K, 39 young (39936K), 1 survivors (1024K)
 Metaspace       used 21036K, committed 21248K, reserved 1073152K
  class space    used 2234K, committed 2368K, reserved 1048576K
}
Event: 1.052 GC heap after
{Heap after GC invocations=3 (full 0):
 garbage-first heap   total 131072K, used 8860K [0x0000000081200000, 0x0000000100000000)
  region size 1024K, 3 young (3072K), 3 survivors (3072K)
 Metaspace       used 21036K, committed 21248K, reserved 1073152K
  class space    used 2234K, committed 2368K, reserved 1048576K
}
Event: 1.272 GC heap before
{Heap before GC invocations=4 (full 0):
 garbage-first heap   total 40960K, used 38556K [0x0000000081200000, 0x0000000100000000)
  region size 1024K, 33 young (33792K), 3 survivors (3072K)
 Metaspace       used 24239K, committed 24512K, reserved 1073152K
  class space    used 2688K, committed 2816K, reserved 1048576K
}
Event: 1.276 GC heap after
{Heap after GC invocations=5 (full 0):
 garbage-first heap   total 45056K, used 9779K [0x0000000081200000, 0x0000000100000000)
  region size 1024K, 4 young (4096K), 4 survivors (4096K)
 Metaspace       used 24239K, committed 24512K, reserved 1073152K
  class space    used 2688K, committed 2816K, reserved 1048576K
}
Event: 1.280 GC heap before
{Heap before GC invocations=5 (full 0):
 garbage-first heap   total 45056K, used 29235K [0x0000000081200000, 0x0000000100000000)
  region size 1024K, 24 young (24576K), 4 survivors (4096K)
 Metaspace       used 24239K, committed 24512K, reserved 1073152K
  class space    used 2688K, committed 2816K, reserved 1048576K
}
Event: 1.283 GC heap after
{Heap after GC invocations=6 (full 0):
 garbage-first heap   total 45056K, used 9901K [0x0000000081200000, 0x0000000100000000)
  region size 1024K, 2 young (2048K), 2 survivors (2048K)
 Metaspace       used 24239K, committed 24512K, reserved 1073152K
  class space    used 2688K, committed 2816K, reserved 1048576K
}
Event: 1.642 GC heap before
{Heap before GC invocations=6 (full 0):
 garbage-first heap   total 45056K, used 30381K [0x0000000081200000, 0x0000000100000000)
  region size 1024K, 23 young (23552K), 2 survivors (2048K)
 Metaspace       used 26160K, committed 26432K, reserved 1073152K
  class space    used 2883K, committed 3008K, reserved 1048576K
}
Event: 1.644 GC heap after
{Heap after GC invocations=7 (full 0):
 garbage-first heap   total 45056K, used 10660K [0x0000000081200000, 0x0000000100000000)
  region size 1024K, 2 young (2048K), 2 survivors (2048K)
 Metaspace       used 26160K, committed 26432K, reserved 1073152K
  class space    used 2883K, committed 3008K, reserved 1048576K
}
Event: 2.161 GC heap before
{Heap before GC invocations=7 (full 0):
 garbage-first heap   total 45056K, used 31140K [0x0000000081200000, 0x0000000100000000)
  region size 1024K, 23 young (23552K), 2 survivors (2048K)
 Metaspace       used 29772K, committed 30080K, reserved 1081344K
  class space    used 3373K, committed 3520K, reserved 1048576K
}
Event: 2.165 GC heap after
{Heap after GC invocations=8 (full 0):
 garbage-first heap   total 45056K, used 12184K [0x0000000081200000, 0x0000000100000000)
  region size 1024K, 3 young (3072K), 3 survivors (3072K)
 Metaspace       used 29772K, committed 30080K, reserved 1081344K
  class space    used 3373K, committed 3520K, reserved 1048576K
}
Event: 2.835 GC heap before
{Heap before GC invocations=8 (full 0):
 garbage-first heap   total 45056K, used 31640K [0x0000000081200000, 0x0000000100000000)
  region size 1024K, 23 young (23552K), 3 survivors (3072K)
 Metaspace       used 34112K, committed 34432K, reserved 1081344K
  class space    used 3946K, committed 4096K, reserved 1048576K
}
Event: 2.839 GC heap after
{Heap after GC invocations=9 (full 0):
 garbage-first heap   total 45056K, used 14398K [0x0000000081200000, 0x0000000100000000)
  region size 1024K, 3 young (3072K), 3 survivors (3072K)
 Metaspace       used 34112K, committed 34432K, reserved 1081344K
  class space    used 3946K, committed 4096K, reserved 1048576K
}
Event: 2.841 GC heap before
{Heap before GC invocations=9 (full 0):
 garbage-first heap   total 45056K, used 31806K [0x0000000081200000, 0x0000000100000000)
  region size 1024K, 21 young (21504K), 3 survivors (3072K)
 Metaspace       used 34112K, committed 34432K, reserved 1081344K
  class space    used 3946K, committed 4096K, reserved 1048576K
}
Event: 2.845 GC heap after
{Heap after GC invocations=10 (full 0):
 garbage-first heap   total 45056K, used 14505K [0x0000000081200000, 0x0000000100000000)
  region size 1024K, 1 young (1024K), 1 survivors (1024K)
 Metaspace       used 34112K, committed 34432K, reserved 1081344K
  class space    used 3946K, committed 4096K, reserved 1048576K
}
Event: 2.861 GC heap before
{Heap before GC invocations=10 (full 0):
 garbage-first heap   total 45056K, used 32937K [0x0000000081200000, 0x0000000100000000)
  region size 1024K, 20 young (20480K), 1 survivors (1024K)
 Metaspace       used 34117K, committed 34432K, reserved 1081344K
  class space    used 3946K, committed 4096K, reserved 1048576K
}

